Testsuite: com.cyrilqc.runner.junit4.CyrilQCJUnit4Test
Tests run: 5, Failures: 3, Errors: 0, Skipped: 0, Time elapsed: X.XX sec
------------- Standard Output ---------------
::::::::::::::::::::::::::::::::::::::::::::::::::::::::::::::::::::::::::::::::
:                                   CyrilQC                                    :
:  Loading project XXX/cyrilqc-fileEquals.xml
:  Project name test-integration-many                                          :
:  Found testActualNonExisting                                                 :
:  Found testBothNonExisting                                                   :
:  Found testDiffer                                                            :
:  Found testExpectedNonExisting                                               :
:  Found testSame                                                              :
::::::::::::::::::::::::::::::::::::::::::::::::::::::::::::::::::::::::::::::::

::::::::::::::::::::::::::::::::::::::::::::::::::::::::::::::::::::::::::::::::
:                            testActualNonExisting                             :
::::::::::::::::::::::::::::::::::::::::::::::::::::::::::::::::::::::::::::::::

testActualNonExisting:
[cqc:assertfileequals] Comparing files, expected data/mountains.txt and actual data/mmm

::::::::::::::::::::::::::::::::::::::::::::::::::::::::::::::::::::::::::::::::
:                             testBothNonExisting                              :
::::::::::::::::::::::::::::::::::::::::::::::::::::::::::::::::::::::::::::::::

testBothNonExisting:
[cqc:assertfileequals] Comparing files, expected data/nnn and actual data/mmm

BUILD SUCCESSFUL
Total time: X seconds

::::::::::::::::::::::::::::::::::::::::::::::::::::::::::::::::::::::::::::::::
:                                  testDiffer                                  :
::::::::::::::::::::::::::::::::::::::::::::::::::::::::::::::::::::::::::::::::

testDiffer:
[cqc:assertfileequals] Comparing files, expected data/mountains.txt and actual data/mountains-8000.txt

::::::::::::::::::::::::::::::::::::::::::::::::::::::::::::::::::::::::::::::::
:                           testExpectedNonExisting                            :
::::::::::::::::::::::::::::::::::::::::::::::::::::::::::::::::::::::::::::::::

testExpectedNonExisting:
[cqc:assertfileequals] Comparing files, expected data/nnn and actual data/mountains.txt

::::::::::::::::::::::::::::::::::::::::::::::::::::::::::::::::::::::::::::::::
:                                   testSame                                   :
::::::::::::::::::::::::::::::::::::::::::::::::::::::::::::::::::::::::::::::::

testSame:
[cqc:assertfileequals] Comparing files, expected data/mountains.txt and actual data/mountains.txt

BUILD SUCCESSFUL
Total time: X seconds
------------- ---------------- ---------------
------------- Standard Error -----------------

BUILD FAILED
/XXX/cyrilqc-core/src/test-integration/resources/cyrilqc-fileEquals.xml:23: Actual file /XXX/cyrilqc-core/src/test-integration/resources/data/mmm not found

Total time: X seconds

BUILD FAILED

Total time: X seconds

BUILD FAILED
/XXX/cyrilqc-core/src/test-integration/resources/cyrilqc-fileEquals.xml:19: Expected file /XXX/cyrilqc-core/src/test-integration/resources/data/nnn not found

Total time: X seconds
------------- ---------------- ---------------

Testcase: testActualNonExisting took X.XX sec
	FAILED
/XXX/cyrilqc-core/src/test-integration/resources/cyrilqc-fileEquals.xml:23: Actual file /XXX/cyrilqc-core/src/test-integration/resources/data/mmm not found
junit.framework.AssertionFailedError: /XXX/cyrilqc-core/src/test-integration/resources/cyrilqc-fileEquals.xml:23: Actual file /XXX/cyrilqc-core/src/test-integration/resources/data/mmm not found

Testcase: testBothNonExisting took X.XX sec
Testcase: testDiffer took X.XX sec
	FAILED

Testcase: testExpectedNonExisting took X.XX sec
	FAILED
/XXX/cyrilqc-core/src/test-integration/resources/cyrilqc-fileEquals.xml:19: Expected file /XXX/cyrilqc-core/src/test-integration/resources/data/nnn not found
junit.framework.AssertionFailedError: /XXX/cyrilqc-core/src/test-integration/resources/cyrilqc-fileEquals.xml:19: Expected file /XXX/cyrilqc-core/src/test-integration/resources/data/nnn not found

Testcase: testSame took X.XX sec
