Testsuite: com.cyrilqc.runner.junit4.CyrilQCJUnit4Test
Tests run: 3, Failures: 1, Errors: 1, Skipped: 0, Time elapsed: X.XX sec
------------- Standard Output ---------------
::::::::::::::::::::::::::::::::::::::::::::::::::::::::::::::::::::::::::::::::
:                                   CyrilQC                                    :
:  Loading project XXX/cyrilqc-after-module-failure.xml
:  Project name test-integration-before-after                                  :
:  Found test-1                                                                :
:  Found test-2                                                                :
:  Found test-3                                                                :
::::::::::::::::::::::::::::::::::::::::::::::::::::::::::::::::::::::::::::::::

::::::::::::::::::::::::::::::::::::::::::::::::::::::::::::::::::::::::::::::::
:                                before-module                                 :
::::::::::::::::::::::::::::::::::::::::::::::::::::::::::::::::::::::::::::::::

before-module:
     [echo] BEFORE MODULE

::::::::::::::::::::::::::::::::::::::::::::::::::::::::::::::::::::::::::::::::
:                                    test-1                                    :
::::::::::::::::::::::::::::::::::::::::::::::::::::::::::::::::::::::::::::::::

before-test:
     [echo] BEFORE TEST

test-1:
     [echo] THIS IS TEST 1

after-test:
     [echo] AFTER TEST

::::::::::::::::::::::::::::::::::::::::::::::::::::::::::::::::::::::::::::::::
:                                    test-2                                    :
::::::::::::::::::::::::::::::::::::::::::::::::::::::::::::::::::::::::::::::::

before-test:
     [echo] BEFORE TEST

test-2:
     [echo] THIS IS TEST 2

after-test:
     [echo] AFTER TEST

::::::::::::::::::::::::::::::::::::::::::::::::::::::::::::::::::::::::::::::::
:                                    test-3                                    :
::::::::::::::::::::::::::::::::::::::::::::::::::::::::::::::::::::::::::::::::

before-test:
     [echo] BEFORE TEST

test-3:
     [echo] THIS IS TEST 3

after-test:
     [echo] AFTER TEST

BUILD SUCCESSFUL
Total time: X seconds

::::::::::::::::::::::::::::::::::::::::::::::::::::::::::::::::::::::::::::::::
:                                 after-module                                 :
::::::::::::::::::::::::::::::::::::::::::::::::::::::::::::::::::::::::::::::::

after-module-1:
     [echo] AFTER MODULE 1

after-module-2:
     [echo] AFTER MODULE 2
------------- ---------------- ---------------
------------- Standard Error -----------------

BUILD FAILED
/XXX/cyrilqc-core/src/test-integration/resources/cyrilqc-after-module-failure.xml:29: Warning: Could not find file /XXX/cyrilqc-core/src/test-integration/resources/no-file to copy.

Total time: X seconds

BUILD FAILED
/XXX/cyrilqc-core/src/test-integration/resources/cyrilqc-after-module-failure.xml:34: expected:<xx[A]xx> but was:<xx[B]xx>

Total time: X seconds
------------- ---------------- ---------------

Testcase: test-1 took X.XX sec
	Caused an ERROR
Warning: Could not find file /XXX/cyrilqc-core/src/test-integration/resources/no-file to copy.
/XXX/cyrilqc-core/src/test-integration/resources/cyrilqc-after-module-failure.xml:29: Warning: Could not find file /XXX/cyrilqc-core/src/test-integration/resources/no-file to copy.

Testcase: test-2 took X.XX sec
	FAILED
expected:<xx[A]xx> but was:<xx[B]xx> expected:<xx[A]xx> but was:<xx[B]xx>
junit.framework.AssertionFailedError: expected:<xx[A]xx> but was:<xx[B]xx> expected:<xx[A]xx> but was:<xx[B]xx>

Testcase: test-3 took X.XX sec
